06:30:52.009 [main] INFO  org.testng.internal.Utils - [TestNG] Running:
  C:\Users\34339\AppData\Local\JetBrains\IdeaIC2023.1\temp-testng-customsuite.xml

06:32:33.884 [main] INFO  org.testng.internal.Utils - [TestNG] Running:
  C:\Users\34339\AppData\Local\JetBrains\IdeaIC2023.1\temp-testng-customsuite.xml

06:33:54.299 [main] INFO  org.testng.internal.Utils - [TestNG] Running:
  C:\Users\34339\AppData\Local\JetBrains\IdeaIC2023.1\temp-testng-customsuite.xml

06:34:12.097 [main] INFO  org.testng.internal.Utils - [TestNG] Running:
  C:\Users\34339\AppData\Local\JetBrains\IdeaIC2023.1\temp-testng-customsuite.xml

06:34:31.840 [main] INFO  org.testng.internal.Utils - [TestNG] Running:
  C:\Users\34339\AppData\Local\JetBrains\IdeaIC2023.1\temp-testng-customsuite.xml

06:34:38.613 [main] INFO  org.testng.internal.Utils - [TestNG] Running:
  C:\Users\34339\AppData\Local\JetBrains\IdeaIC2023.1\temp-testng-customsuite.xml

06:34:52.748 [main] INFO  org.testng.internal.Utils - [TestNG] Running:
  C:\Users\34339\AppData\Local\JetBrains\IdeaIC2023.1\temp-testng-customsuite.xml

06:35:32.592 [main] INFO  org.testng.internal.Utils - [TestNG] Running:
  C:\Users\34339\AppData\Local\JetBrains\IdeaIC2023.1\temp-testng-customsuite.xml

06:40:54.087 [main] INFO  org.testng.internal.Utils - [TestNG] Running:
  C:\Users\34339\AppData\Local\JetBrains\IdeaIC2023.1\temp-testng-customsuite.xml

06:48:13.339 [main] INFO  org.testng.internal.Utils - [TestNG] Running:
  C:\Users\34339\AppData\Local\JetBrains\IdeaIC2023.1\temp-testng-customsuite.xml

06:50:34.091 [main] INFO  org.testng.internal.Utils - [TestNG] Running:
  C:\Users\34339\AppData\Local\JetBrains\IdeaIC2023.1\temp-testng-customsuite.xml

06:51:13.831 [main] INFO  testCases.TC001_AccountRegisterTest - ***** Staring  TC001_AccountRegisterTest ****
06:51:15.640 [main] INFO  testCases.TC001_AccountRegisterTest - Clicked on My Account Link
06:51:27.116 [main] INFO  testCases.TC001_AccountRegisterTest - Clicked on Register Link
06:51:27.123 [main] INFO  testCases.TC001_AccountRegisterTest - Providing customer details
06:51:28.451 [main] INFO  testCases.TC001_AccountRegisterTest - Validating expected message
06:51:28.489 [main] INFO  testCases.TC001_AccountRegisterTest - ***** Ending  TC001_AccountRegisterTest ****
07:00:00.977 [main] INFO  org.testng.internal.Utils - [TestNG] Running:
  C:\Users\34339\AppData\Local\JetBrains\IdeaIC2023.1\temp-testng-customsuite.xml

07:00:04.551 [main] INFO  testCases.TC001_AccountRegisterTest - ***** Staring  TC001_AccountRegisterTest ****
07:00:04.802 [main] INFO  testCases.TC001_AccountRegisterTest - Clicked on My Account Link
07:00:05.189 [main] INFO  testCases.TC001_AccountRegisterTest - Clicked on Register Link
07:00:05.191 [main] INFO  testCases.TC001_AccountRegisterTest - Providing customer details
07:00:06.082 [main] INFO  testCases.TC001_AccountRegisterTest - Validating expected message
07:02:31.381 [main] DEBUG org.testng.TestNG - suiteXmlPath: "C:\Users\34339\AppData\Local\JetBrains\IdeaIC2023.1\temp-testng-customsuite.xml"
07:02:31.567 [main] INFO  org.testng.internal.Utils - [TestNG] Running:
  C:\Users\34339\AppData\Local\JetBrains\IdeaIC2023.1\temp-testng-customsuite.xml

07:02:35.203 [main] INFO  testCases.TC001_AccountRegisterTest - ***** Staring  TC001_AccountRegisterTest ****
07:02:35.393 [main] INFO  testCases.TC001_AccountRegisterTest - Clicked on My Account Link
07:02:35.740 [main] INFO  testCases.TC001_AccountRegisterTest - Clicked on Register Link
07:02:35.743 [main] INFO  testCases.TC001_AccountRegisterTest - Providing customer details
07:02:36.624 [main] INFO  testCases.TC001_AccountRegisterTest - Validating expected message
07:05:25.193 [main] DEBUG org.testng.TestNG - suiteXmlPath: "C:\Users\34339\AppData\Local\JetBrains\IdeaIC2023.1\temp-testng-customsuite.xml"
07:05:25.381 [main] INFO  org.testng.internal.Utils - [TestNG] Running:
  C:\Users\34339\AppData\Local\JetBrains\IdeaIC2023.1\temp-testng-customsuite.xml

07:05:28.410 [main] INFO  testCases.TC001_AccountRegisterTest - ***** Staring  TC001_AccountRegisterTest ****
07:05:28.547 [main] INFO  testCases.TC001_AccountRegisterTest - Clicked on My Account Link
07:05:28.880 [main] INFO  testCases.TC001_AccountRegisterTest - Clicked on Register Link
07:05:28.882 [main] INFO  testCases.TC001_AccountRegisterTest - Providing customer details
07:05:29.954 [main] INFO  testCases.TC001_AccountRegisterTest - Validating expected message
07:08:05.039 [main] DEBUG org.testng.TestNG - suiteXmlPath: "C:\Users\34339\AppData\Local\JetBrains\IdeaIC2023.1\temp-testng-customsuite.xml"
07:08:05.229 [main] INFO  org.testng.internal.Utils - [TestNG] Running:
  C:\Users\34339\AppData\Local\JetBrains\IdeaIC2023.1\temp-testng-customsuite.xml

07:08:08.311 [main] INFO  testCases.TC001_AccountRegisterTest - ***** Staring  TC001_AccountRegisterTest ****
07:08:08.508 [main] INFO  testCases.TC001_AccountRegisterTest - Clicked on My Account Link
07:08:08.822 [main] INFO  testCases.TC001_AccountRegisterTest - Clicked on Register Link
07:08:08.825 [main] INFO  testCases.TC001_AccountRegisterTest - Providing customer details
07:08:09.698 [main] INFO  testCases.TC001_AccountRegisterTest - Validating expected message
07:08:09.722 [main] ERROR testCases.TC001_AccountRegisterTest - Test failed..
07:08:09.723 [main] DEBUG testCases.TC001_AccountRegisterTest - Debug logs...
07:11:31.027 [main] DEBUG org.testng.TestNG - suiteXmlPath: "C:\Users\34339\AppData\Local\JetBrains\IdeaIC2023.1\temp-testng-customsuite.xml"
07:11:31.212 [main] INFO  org.testng.internal.Utils - [TestNG] Running:
  C:\Users\34339\AppData\Local\JetBrains\IdeaIC2023.1\temp-testng-customsuite.xml

07:11:34.400 [main] INFO  testCases.TC001_AccountRegisterTest - ***** Staring  TC001_AccountRegisterTest ****
07:11:34.564 [main] INFO  testCases.TC001_AccountRegisterTest - Clicked on My Account Link
07:11:34.885 [main] INFO  testCases.TC001_AccountRegisterTest - Clicked on Register Link
07:11:34.886 [main] INFO  testCases.TC001_AccountRegisterTest - Providing customer details
07:11:35.770 [main] INFO  testCases.TC001_AccountRegisterTest - Validating expected message
07:11:35.795 [main] ERROR testCases.TC001_AccountRegisterTest - Test failed..
07:11:35.795 [main] DEBUG testCases.TC001_AccountRegisterTest - Debug logs...
07:17:47.383 [main] DEBUG org.testng.TestNG - suiteXmlPath: "C:\Users\34339\AppData\Local\JetBrains\IdeaIC2023.1\temp-testng-customsuite.xml"
07:17:47.568 [main] INFO  org.testng.internal.Utils - [TestNG] Running:
  C:\Users\34339\AppData\Local\JetBrains\IdeaIC2023.1\temp-testng-customsuite.xml

07:17:50.873 [main] INFO  testCases.TC001_AccountRegisterTest - ***** Staring  TC001_AccountRegisterTest ****
07:17:51.082 [main] INFO  testCases.TC001_AccountRegisterTest - Clicked on My Account Link
07:17:51.445 [main] INFO  testCases.TC001_AccountRegisterTest - Clicked on Register Link
07:17:51.447 [main] INFO  testCases.TC001_AccountRegisterTest - Providing customer details
07:17:52.269 [main] INFO  testCases.TC001_AccountRegisterTest - Validating expected message
07:43:32.652 [main] DEBUG org.testng.TestNG - suiteXmlPath: "C:\Users\34339\AppData\Local\JetBrains\IdeaIC2023.1\temp-testng-customsuite.xml"
07:43:32.841 [main] INFO  org.testng.internal.Utils - [TestNG] Running:
  C:\Users\34339\AppData\Local\JetBrains\IdeaIC2023.1\temp-testng-customsuite.xml

07:45:19.122 [main] DEBUG org.testng.TestNG - suiteXmlPath: "C:\Users\34339\AppData\Local\JetBrains\IdeaIC2023.1\temp-testng-customsuite.xml"
07:45:19.327 [main] INFO  org.testng.internal.Utils - [TestNG] Running:
  C:\Users\34339\AppData\Local\JetBrains\IdeaIC2023.1\temp-testng-customsuite.xml

07:46:54.885 [main] DEBUG org.testng.TestNG - suiteXmlPath: "D:\code-practice\yo-java\AutoQAPractice\master.xml"
07:46:55.046 [main] INFO  org.testng.internal.Utils - [Utils] MethodGroupsHelper.collectMethodsByGroup() took 0 ms.
07:46:55.048 [main] INFO  org.testng.internal.Utils - [Utils] MethodGroupsHelper.sortMethods() took 1 ms.
07:46:55.049 [main] INFO  org.testng.internal.Utils - [Utils] MethodGroupsHelper.collectMethodsByGroup() took 0 ms.
07:46:55.049 [main] INFO  org.testng.internal.Utils - [Utils] MethodGroupsHelper.sortMethods() took 0 ms.
07:46:55.049 [main] INFO  org.testng.internal.Utils - [Utils] MethodGroupsHelper.collectMethodsByGroup() took 0 ms.
07:46:55.050 [main] INFO  org.testng.internal.Utils - [Utils] MethodGroupsHelper.sortMethods() took 0 ms.
07:46:55.050 [main] INFO  org.testng.internal.Utils - [Utils] MethodGroupsHelper.collectMethodsByGroup() took 0 ms.
07:46:55.050 [main] INFO  org.testng.internal.Utils - [Utils] MethodGroupsHelper.sortMethods() took 0 ms.
07:46:55.054 [main] INFO  org.testng.internal.Utils - [Utils] MethodGroupsHelper.collectMethodsByGroup() took 2 ms.
07:46:55.061 [main] INFO  org.testng.internal.Utils - [Utils] MethodGroupsHelper.sortMethods() took 7 ms.
07:46:55.062 [main] INFO  org.testng.internal.Utils - [Utils] MethodGroupsHelper.collectMethodsByGroup() took 0 ms.
07:46:55.062 [main] INFO  org.testng.internal.Utils - [Utils] MethodGroupsHelper.sortMethods() took 0 ms.
07:46:55.063 [main] INFO  org.testng.internal.Utils - [Utils] MethodGroupsHelper.collectMethodsByGroup() took 0 ms.
07:46:55.063 [main] INFO  org.testng.internal.Utils - [Utils] MethodGroupsHelper.sortMethods() took 0 ms.
07:46:55.063 [main] INFO  org.testng.internal.Utils - [Utils] MethodGroupsHelper.collectMethodsByGroup() took 0 ms.
07:46:55.063 [main] INFO  org.testng.internal.Utils - [Utils] MethodGroupsHelper.sortMethods() took 0 ms.
07:46:55.065 [main] INFO  org.testng.internal.Utils - [Utils] MethodGroupsHelper.collectMethodsByGroup() took 0 ms.
07:46:55.065 [main] INFO  org.testng.internal.Utils - [Utils] MethodGroupsHelper.sortMethods() took 0 ms.
07:46:55.065 [main] INFO  org.testng.internal.Utils - [Utils] MethodGroupsHelper.collectMethodsByGroup() took 0 ms.
07:46:55.066 [main] INFO  org.testng.internal.Utils - [Utils] MethodGroupsHelper.sortMethods() took 0 ms.
07:46:55.067 [main] INFO  org.testng.internal.Utils - [Utils] MethodGroupsHelper.collectMethodsByGroup() took 0 ms.
07:46:55.067 [main] INFO  org.testng.internal.Utils - [Utils] MethodGroupsHelper.sortMethods() took 0 ms.
07:46:55.068 [main] INFO  org.testng.internal.Utils - [Utils] MethodGroupsHelper.collectMethodsByGroup() took 0 ms.
07:46:55.068 [main] INFO  org.testng.internal.Utils - [Utils] MethodGroupsHelper.sortMethods() took 0 ms.
07:46:55.068 [main] INFO  org.testng.internal.Utils - [Utils] MethodGroupsHelper.collectMethodsByGroup() took 0 ms.
07:46:55.069 [main] INFO  org.testng.internal.Utils - [Utils] MethodGroupsHelper.sortMethods() took 0 ms.
07:46:55.070 [main] INFO  org.testng.internal.Utils - [Utils] MethodGroupsHelper.collectMethodsByGroup() took 0 ms.
07:46:55.070 [main] INFO  org.testng.internal.Utils - [Utils] MethodGroupsHelper.sortMethods() took 0 ms.
07:46:55.070 [main] INFO  org.testng.internal.Utils - [Utils] MethodGroupsHelper.collectMethodsByGroup() took 0 ms.
07:46:55.070 [main] INFO  org.testng.internal.Utils - [Utils] MethodGroupsHelper.sortMethods() took 0 ms.
07:46:55.073 [main] INFO  org.testng.internal.Utils - [TestNG] Running:
  D:\code-practice\yo-java\AutoQAPractice\master.xml

07:46:55.080 [main] INFO  org.testng.internal.Utils - [Utils] DynamicGraphHelper.createDynamicGraph() took 4 ms.
07:47:01.204 [main] INFO  testCases.TC001_AccountRegisterTest - ***** Staring  TC001_AccountRegisterTest ****
07:47:01.419 [main] INFO  testCases.TC001_AccountRegisterTest - Clicked on My Account Link
07:47:01.784 [main] INFO  testCases.TC001_AccountRegisterTest - Clicked on Register Link
07:47:01.787 [main] INFO  testCases.TC001_AccountRegisterTest - Providing customer details
07:47:02.649 [main] INFO  testCases.TC001_AccountRegisterTest - Validating expected message
07:47:02.863 [main] INFO  org.testng.internal.Utils - [TestNG] Time taken by org.testng.internal.ExitCodeListener@759d81f3: 0 ms
07:48:32.691 [main] DEBUG org.testng.TestNG - suiteXmlPath: "D:\code-practice\yo-java\AutoQAPractice\master.xml"
07:48:32.851 [main] INFO  org.testng.internal.Utils - [Utils] MethodGroupsHelper.collectMethodsByGroup() took 0 ms.
07:48:32.853 [main] INFO  org.testng.internal.Utils - [Utils] MethodGroupsHelper.sortMethods() took 0 ms.
07:48:32.855 [main] INFO  org.testng.internal.Utils - [Utils] MethodGroupsHelper.collectMethodsByGroup() took 0 ms.
07:48:32.855 [main] INFO  org.testng.internal.Utils - [Utils] MethodGroupsHelper.sortMethods() took 0 ms.
07:48:32.856 [main] INFO  org.testng.internal.Utils - [Utils] MethodGroupsHelper.collectMethodsByGroup() took 0 ms.
07:48:32.856 [main] INFO  org.testng.internal.Utils - [Utils] MethodGroupsHelper.sortMethods() took 0 ms.
07:48:32.856 [main] INFO  org.testng.internal.Utils - [Utils] MethodGroupsHelper.collectMethodsByGroup() took 0 ms.
07:48:32.856 [main] INFO  org.testng.internal.Utils - [Utils] MethodGroupsHelper.sortMethods() took 0 ms.
07:48:32.859 [main] INFO  org.testng.internal.Utils - [Utils] MethodGroupsHelper.collectMethodsByGroup() took 0 ms.
07:48:32.864 [main] TRACE org.testng.internal.Graph - [Graph] ADDING NODE BaseClass.setup(java.lang.String,java.lang.String)[pri:0, instance:null] 486973728
07:48:32.864 [main] TRACE org.testng.internal.Graph - [Graph] ================ SORTING
07:48:32.866 [main] TRACE org.testng.internal.Graph - [Graph] =============== DONE SORTING
07:48:32.867 [main] TRACE org.testng.internal.Graph - [Graph] ====== SORTED NODES
07:48:32.867 [main] TRACE org.testng.internal.Graph - [Graph] ====== END SORTED NODES
07:48:32.867 [main] INFO  org.testng.internal.Utils - [Utils] MethodGroupsHelper.sortMethods() took 8 ms.
07:48:32.868 [main] INFO  org.testng.internal.Utils - [Utils] MethodGroupsHelper.collectMethodsByGroup() took 0 ms.
07:48:32.868 [main] TRACE org.testng.internal.Graph - [Graph] ADDING NODE BaseClass.tearDown()[pri:0, instance:null] -2025307785
07:48:32.868 [main] TRACE org.testng.internal.Graph - [Graph] ================ SORTING
07:48:32.868 [main] TRACE org.testng.internal.Graph - [Graph] =============== DONE SORTING
07:48:32.868 [main] TRACE org.testng.internal.Graph - [Graph] ====== SORTED NODES
07:48:32.868 [main] TRACE org.testng.internal.Graph - [Graph] ====== END SORTED NODES
07:48:32.868 [main] INFO  org.testng.internal.Utils - [Utils] MethodGroupsHelper.sortMethods() took 0 ms.
07:48:32.869 [main] INFO  org.testng.internal.Utils - [Utils] MethodGroupsHelper.collectMethodsByGroup() took 0 ms.
07:48:32.869 [main] INFO  org.testng.internal.Utils - [Utils] MethodGroupsHelper.sortMethods() took 0 ms.
07:48:32.869 [main] INFO  org.testng.internal.Utils - [Utils] MethodGroupsHelper.collectMethodsByGroup() took 0 ms.
07:48:32.869 [main] INFO  org.testng.internal.Utils - [Utils] MethodGroupsHelper.sortMethods() took 0 ms.
07:48:32.871 [main] INFO  org.testng.internal.Utils - [Utils] MethodGroupsHelper.collectMethodsByGroup() took 0 ms.
07:48:32.871 [main] INFO  org.testng.internal.Utils - [Utils] MethodGroupsHelper.sortMethods() took 0 ms.
07:48:32.871 [main] INFO  org.testng.internal.Utils - [Utils] MethodGroupsHelper.collectMethodsByGroup() took 0 ms.
07:48:32.871 [main] INFO  org.testng.internal.Utils - [Utils] MethodGroupsHelper.sortMethods() took 0 ms.
07:48:32.873 [main] INFO  org.testng.internal.Utils - [Utils] MethodGroupsHelper.collectMethodsByGroup() took 0 ms.
07:48:32.873 [main] INFO  org.testng.internal.Utils - [Utils] MethodGroupsHelper.sortMethods() took 0 ms.
07:48:32.873 [main] INFO  org.testng.internal.Utils - [Utils] MethodGroupsHelper.collectMethodsByGroup() took 0 ms.
07:48:32.873 [main] INFO  org.testng.internal.Utils - [Utils] MethodGroupsHelper.sortMethods() took 0 ms.
07:48:32.874 [main] INFO  org.testng.internal.Utils - [Utils] MethodGroupsHelper.collectMethodsByGroup() took 0 ms.
07:48:32.874 [main] TRACE org.testng.internal.Graph - [Graph] ADDING NODE TC001_AccountRegisterTest.verify_account_registration()[pri:0, instance:testCases.TC001_AccountRegisterTest@53251a66] -1463819410
07:48:32.874 [main] TRACE org.testng.internal.Graph - [Graph] ================ SORTING
07:48:32.874 [main] TRACE org.testng.internal.Graph - [Graph] =============== DONE SORTING
07:48:32.874 [main] TRACE org.testng.internal.Graph - [Graph] ====== SORTED NODES
07:48:32.874 [main] TRACE org.testng.internal.Graph - [Graph] ====== END SORTED NODES
07:48:32.874 [main] INFO  org.testng.internal.Utils - [Utils] MethodGroupsHelper.sortMethods() took 0 ms.
07:48:32.875 [main] INFO  org.testng.internal.Utils - [Utils] MethodGroupsHelper.collectMethodsByGroup() took 0 ms.
07:48:32.876 [main] INFO  org.testng.internal.Utils - [Utils] MethodGroupsHelper.sortMethods() took 0 ms.
07:48:32.876 [main] INFO  org.testng.internal.Utils - [Utils] MethodGroupsHelper.collectMethodsByGroup() took 0 ms.
07:48:32.876 [main] INFO  org.testng.internal.Utils - [Utils] MethodGroupsHelper.sortMethods() took 0 ms.
07:48:32.878 [main] INFO  org.testng.internal.Utils - [TestNG] Running:
  D:\code-practice\yo-java\AutoQAPractice\master.xml

07:48:32.886 [main] INFO  org.testng.internal.Utils - [Utils] DynamicGraphHelper.createDynamicGraph() took 2 ms.
07:48:36.139 [main] INFO  testCases.TC001_AccountRegisterTest - ***** Staring  TC001_AccountRegisterTest ****
07:48:36.341 [main] INFO  testCases.TC001_AccountRegisterTest - Clicked on My Account Link
07:48:36.697 [main] INFO  testCases.TC001_AccountRegisterTest - Clicked on Register Link
07:48:36.700 [main] INFO  testCases.TC001_AccountRegisterTest - Providing customer details
07:48:37.572 [main] INFO  testCases.TC001_AccountRegisterTest - Validating expected message
07:48:37.597 [main] ERROR testCases.TC001_AccountRegisterTest - Test failed..
07:48:37.597 [main] DEBUG testCases.TC001_AccountRegisterTest - debug log is printing  ...
07:48:37.802 [main] INFO  org.testng.internal.Utils - [TestNG] Time taken by org.testng.internal.ExitCodeListener@267bbe1a: 0 ms
06:34:07.657 [main] DEBUG org.testng.TestNG - suiteXmlPath: "C:\Users\34339\AppData\Local\JetBrains\IdeaIC2023.1\temp-testng-customsuite.xml"
06:34:07.865 [main] INFO  org.testng.internal.Utils - [TestNG] Running:
  C:\Users\34339\AppData\Local\JetBrains\IdeaIC2023.1\temp-testng-customsuite.xml

06:34:24.228 [main] DEBUG org.testng.TestNG - suiteXmlPath: "D:\code-practice\yo-java\AutoQAPractice\master.xml"
06:34:24.393 [main] INFO  org.testng.internal.Utils - [Utils] MethodGroupsHelper.collectMethodsByGroup() took 0 ms.
06:34:24.394 [main] INFO  org.testng.internal.Utils - [Utils] MethodGroupsHelper.sortMethods() took 0 ms.
06:34:24.395 [main] INFO  org.testng.internal.Utils - [Utils] MethodGroupsHelper.collectMethodsByGroup() took 0 ms.
06:34:24.396 [main] INFO  org.testng.internal.Utils - [Utils] MethodGroupsHelper.sortMethods() took 0 ms.
06:34:24.396 [main] INFO  org.testng.internal.Utils - [Utils] MethodGroupsHelper.collectMethodsByGroup() took 0 ms.
06:34:24.396 [main] INFO  org.testng.internal.Utils - [Utils] MethodGroupsHelper.sortMethods() took 0 ms.
06:34:24.397 [main] INFO  org.testng.internal.Utils - [Utils] MethodGroupsHelper.collectMethodsByGroup() took 0 ms.
06:34:24.397 [main] INFO  org.testng.internal.Utils - [Utils] MethodGroupsHelper.sortMethods() took 0 ms.
06:34:24.400 [main] INFO  org.testng.internal.Utils - [Utils] MethodGroupsHelper.collectMethodsByGroup() took 2 ms.
06:34:24.406 [main] INFO  org.testng.internal.Utils - [Utils] MethodGroupsHelper.sortMethods() took 6 ms.
06:34:24.407 [main] INFO  org.testng.internal.Utils - [Utils] MethodGroupsHelper.collectMethodsByGroup() took 0 ms.
06:34:24.407 [main] INFO  org.testng.internal.Utils - [Utils] MethodGroupsHelper.sortMethods() took 0 ms.
06:34:24.407 [main] INFO  org.testng.internal.Utils - [Utils] MethodGroupsHelper.collectMethodsByGroup() took 0 ms.
06:34:24.408 [main] INFO  org.testng.internal.Utils - [Utils] MethodGroupsHelper.sortMethods() took 0 ms.
06:34:24.408 [main] INFO  org.testng.internal.Utils - [Utils] MethodGroupsHelper.collectMethodsByGroup() took 0 ms.
06:34:24.408 [main] INFO  org.testng.internal.Utils - [Utils] MethodGroupsHelper.sortMethods() took 0 ms.
06:34:24.410 [main] INFO  org.testng.internal.Utils - [Utils] MethodGroupsHelper.collectMethodsByGroup() took 0 ms.
06:34:24.410 [main] INFO  org.testng.internal.Utils - [Utils] MethodGroupsHelper.sortMethods() took 0 ms.
06:34:24.410 [main] INFO  org.testng.internal.Utils - [Utils] MethodGroupsHelper.collectMethodsByGroup() took 0 ms.
06:34:24.410 [main] INFO  org.testng.internal.Utils - [Utils] MethodGroupsHelper.sortMethods() took 0 ms.
06:34:24.412 [main] INFO  org.testng.internal.Utils - [Utils] MethodGroupsHelper.collectMethodsByGroup() took 0 ms.
06:34:24.412 [main] INFO  org.testng.internal.Utils - [Utils] MethodGroupsHelper.sortMethods() took 0 ms.
06:34:24.412 [main] INFO  org.testng.internal.Utils - [Utils] MethodGroupsHelper.collectMethodsByGroup() took 0 ms.
06:34:24.412 [main] INFO  org.testng.internal.Utils - [Utils] MethodGroupsHelper.sortMethods() took 0 ms.
06:34:24.413 [main] INFO  org.testng.internal.Utils - [Utils] MethodGroupsHelper.collectMethodsByGroup() took 0 ms.
06:34:24.413 [main] INFO  org.testng.internal.Utils - [Utils] MethodGroupsHelper.sortMethods() took 0 ms.
06:34:24.414 [main] INFO  org.testng.internal.Utils - [Utils] MethodGroupsHelper.collectMethodsByGroup() took 0 ms.
06:34:24.414 [main] INFO  org.testng.internal.Utils - [Utils] MethodGroupsHelper.sortMethods() took 0 ms.
06:34:24.414 [main] INFO  org.testng.internal.Utils - [Utils] MethodGroupsHelper.collectMethodsByGroup() took 0 ms.
06:34:24.414 [main] INFO  org.testng.internal.Utils - [Utils] MethodGroupsHelper.sortMethods() took 0 ms.
06:34:24.417 [main] INFO  org.testng.internal.Utils - [TestNG] Running:
  D:\code-practice\yo-java\AutoQAPractice\master.xml

06:34:24.424 [main] INFO  org.testng.internal.Utils - [Utils] DynamicGraphHelper.createDynamicGraph() took 2 ms.
06:34:33.976 [main] INFO  testCases.TC001_AccountRegisterTest - ***** Staring  TC001_AccountRegisterTest ****
06:34:34.192 [main] INFO  testCases.TC001_AccountRegisterTest - Clicked on My Account Link
06:34:34.580 [main] INFO  testCases.TC001_AccountRegisterTest - Clicked on Register Link
06:34:34.582 [main] INFO  testCases.TC001_AccountRegisterTest - Providing customer details
06:34:35.407 [main] INFO  testCases.TC001_AccountRegisterTest - Validating expected message
06:34:35.430 [main] ERROR testCases.TC001_AccountRegisterTest - Test failed..
06:34:35.430 [main] DEBUG testCases.TC001_AccountRegisterTest - debug log is printing  ...
06:34:35.606 [main] INFO  org.testng.internal.Utils - [TestNG] Time taken by org.testng.internal.ExitCodeListener@29f0802c: 0 ms
06:38:27.171 [main] DEBUG org.testng.TestNG - suiteXmlPath: "D:\code-practice\yo-java\AutoQAPractice\master.xml" 
06:38:27.337 [main] INFO  org.testng.internal.Utils - [Utils] MethodGroupsHelper.collectMethodsByGroup() took 1 ms. 
06:38:27.339 [main] INFO  org.testng.internal.Utils - [Utils] MethodGroupsHelper.sortMethods() took 0 ms. 
06:38:27.340 [main] INFO  org.testng.internal.Utils - [Utils] MethodGroupsHelper.collectMethodsByGroup() took 0 ms. 
06:38:27.340 [main] INFO  org.testng.internal.Utils - [Utils] MethodGroupsHelper.sortMethods() took 0 ms. 
06:38:27.341 [main] INFO  org.testng.internal.Utils - [Utils] MethodGroupsHelper.collectMethodsByGroup() took 0 ms. 
06:38:27.341 [main] INFO  org.testng.internal.Utils - [Utils] MethodGroupsHelper.sortMethods() took 0 ms. 
06:38:27.341 [main] INFO  org.testng.internal.Utils - [Utils] MethodGroupsHelper.collectMethodsByGroup() took 0 ms. 
06:38:27.341 [main] INFO  org.testng.internal.Utils - [Utils] MethodGroupsHelper.sortMethods() took 0 ms. 
06:38:27.345 [main] INFO  org.testng.internal.Utils - [Utils] MethodGroupsHelper.collectMethodsByGroup() took 2 ms. 
06:38:27.351 [main] INFO  org.testng.internal.Utils - [Utils] MethodGroupsHelper.sortMethods() took 5 ms. 
06:38:27.352 [main] INFO  org.testng.internal.Utils - [Utils] MethodGroupsHelper.collectMethodsByGroup() took 0 ms. 
06:38:27.353 [main] INFO  org.testng.internal.Utils - [Utils] MethodGroupsHelper.sortMethods() took 0 ms. 
06:38:27.353 [main] INFO  org.testng.internal.Utils - [Utils] MethodGroupsHelper.collectMethodsByGroup() took 0 ms. 
06:38:27.353 [main] INFO  org.testng.internal.Utils - [Utils] MethodGroupsHelper.sortMethods() took 0 ms. 
06:38:27.353 [main] INFO  org.testng.internal.Utils - [Utils] MethodGroupsHelper.collectMethodsByGroup() took 0 ms. 
06:38:27.354 [main] INFO  org.testng.internal.Utils - [Utils] MethodGroupsHelper.sortMethods() took 0 ms. 
06:38:27.355 [main] INFO  org.testng.internal.Utils - [Utils] MethodGroupsHelper.collectMethodsByGroup() took 0 ms. 
06:38:27.355 [main] INFO  org.testng.internal.Utils - [Utils] MethodGroupsHelper.sortMethods() took 0 ms. 
06:38:27.355 [main] INFO  org.testng.internal.Utils - [Utils] MethodGroupsHelper.collectMethodsByGroup() took 0 ms. 
06:38:27.355 [main] INFO  org.testng.internal.Utils - [Utils] MethodGroupsHelper.sortMethods() took 0 ms. 
06:38:27.357 [main] INFO  org.testng.internal.Utils - [Utils] MethodGroupsHelper.collectMethodsByGroup() took 0 ms. 
06:38:27.358 [main] INFO  org.testng.internal.Utils - [Utils] MethodGroupsHelper.sortMethods() took 0 ms. 
06:38:27.358 [main] INFO  org.testng.internal.Utils - [Utils] MethodGroupsHelper.collectMethodsByGroup() took 0 ms. 
06:38:27.358 [main] INFO  org.testng.internal.Utils - [Utils] MethodGroupsHelper.sortMethods() took 0 ms. 
06:38:27.359 [main] INFO  org.testng.internal.Utils - [Utils] MethodGroupsHelper.collectMethodsByGroup() took 1 ms. 
06:38:27.359 [main] INFO  org.testng.internal.Utils - [Utils] MethodGroupsHelper.sortMethods() took 0 ms. 
06:38:27.360 [main] INFO  org.testng.internal.Utils - [Utils] MethodGroupsHelper.collectMethodsByGroup() took 0 ms. 
06:38:27.360 [main] INFO  org.testng.internal.Utils - [Utils] MethodGroupsHelper.sortMethods() took 0 ms. 
06:38:27.360 [main] INFO  org.testng.internal.Utils - [Utils] MethodGroupsHelper.collectMethodsByGroup() took 0 ms. 
06:38:27.360 [main] INFO  org.testng.internal.Utils - [Utils] MethodGroupsHelper.sortMethods() took 0 ms. 
06:38:27.363 [main] INFO  org.testng.internal.Utils - [TestNG] Running:
  D:\code-practice\yo-java\AutoQAPractice\master.xml
 
06:38:27.370 [main] INFO  org.testng.internal.Utils - [Utils] DynamicGraphHelper.createDynamicGraph() took 3 ms. 
06:38:33.532 [main] INFO  testCases.TC001_AccountRegisterTest - ***** Staring  TC001_AccountRegisterTest **** 
06:38:33.718 [main] INFO  testCases.TC001_AccountRegisterTest - Clicked on My Account Link 
06:38:34.127 [main] INFO  testCases.TC001_AccountRegisterTest - Clicked on Register Link 
06:38:34.129 [main] INFO  testCases.TC001_AccountRegisterTest - Providing customer details 
06:38:34.890 [main] INFO  testCases.TC001_AccountRegisterTest - Validating expected message 
06:38:34.917 [main] ERROR testCases.TC001_AccountRegisterTest - Test failed.. 
06:38:34.917 [main] DEBUG testCases.TC001_AccountRegisterTest - debug log is printing  ... 
06:38:35.081 [main] INFO  org.testng.internal.Utils - [TestNG] Time taken by org.testng.internal.ExitCodeListener@203dd56b: 0 ms 
06:40:10.231 [main] DEBUG org.testng.TestNG - suiteXmlPath: "D:\code-practice\yo-java\AutoQAPractice\master.xml" 
06:40:10.410 [main] INFO  org.testng.internal.Utils - [Utils] MethodGroupsHelper.collectMethodsByGroup() took 0 ms. 
06:40:10.412 [main] INFO  org.testng.internal.Utils - [Utils] MethodGroupsHelper.sortMethods() took 1 ms. 
06:40:10.414 [main] INFO  org.testng.internal.Utils - [Utils] MethodGroupsHelper.collectMethodsByGroup() took 0 ms. 
06:40:10.414 [main] INFO  org.testng.internal.Utils - [Utils] MethodGroupsHelper.sortMethods() took 0 ms. 
06:40:10.414 [main] INFO  org.testng.internal.Utils - [Utils] MethodGroupsHelper.collectMethodsByGroup() took 0 ms. 
06:40:10.414 [main] INFO  org.testng.internal.Utils - [Utils] MethodGroupsHelper.sortMethods() took 0 ms. 
06:40:10.415 [main] INFO  org.testng.internal.Utils - [Utils] MethodGroupsHelper.collectMethodsByGroup() took 0 ms. 
06:40:10.415 [main] INFO  org.testng.internal.Utils - [Utils] MethodGroupsHelper.sortMethods() took 0 ms. 
06:40:10.417 [main] INFO  org.testng.internal.Utils - [Utils] MethodGroupsHelper.collectMethodsByGroup() took 0 ms. 
06:40:10.424 [main] INFO  org.testng.internal.Utils - [Utils] MethodGroupsHelper.sortMethods() took 6 ms. 
06:40:10.425 [main] INFO  org.testng.internal.Utils - [Utils] MethodGroupsHelper.collectMethodsByGroup() took 0 ms. 
06:40:10.426 [main] INFO  org.testng.internal.Utils - [Utils] MethodGroupsHelper.sortMethods() took 0 ms. 
06:40:10.426 [main] INFO  org.testng.internal.Utils - [Utils] MethodGroupsHelper.collectMethodsByGroup() took 0 ms. 
06:40:10.426 [main] INFO  org.testng.internal.Utils - [Utils] MethodGroupsHelper.sortMethods() took 0 ms. 
06:40:10.427 [main] INFO  org.testng.internal.Utils - [Utils] MethodGroupsHelper.collectMethodsByGroup() took 0 ms. 
06:40:10.427 [main] INFO  org.testng.internal.Utils - [Utils] MethodGroupsHelper.sortMethods() took 0 ms. 
06:40:10.428 [main] INFO  org.testng.internal.Utils - [Utils] MethodGroupsHelper.collectMethodsByGroup() took 0 ms. 
06:40:10.428 [main] INFO  org.testng.internal.Utils - [Utils] MethodGroupsHelper.sortMethods() took 0 ms. 
06:40:10.428 [main] INFO  org.testng.internal.Utils - [Utils] MethodGroupsHelper.collectMethodsByGroup() took 0 ms. 
06:40:10.428 [main] INFO  org.testng.internal.Utils - [Utils] MethodGroupsHelper.sortMethods() took 0 ms. 
06:40:10.431 [main] INFO  org.testng.internal.Utils - [Utils] MethodGroupsHelper.collectMethodsByGroup() took 0 ms. 
06:40:10.431 [main] INFO  org.testng.internal.Utils - [Utils] MethodGroupsHelper.sortMethods() took 0 ms. 
06:40:10.432 [main] INFO  org.testng.internal.Utils - [Utils] MethodGroupsHelper.collectMethodsByGroup() took 0 ms. 
06:40:10.432 [main] INFO  org.testng.internal.Utils - [Utils] MethodGroupsHelper.sortMethods() took 0 ms. 
06:40:10.433 [main] INFO  org.testng.internal.Utils - [Utils] MethodGroupsHelper.collectMethodsByGroup() took 0 ms. 
06:40:10.433 [main] INFO  org.testng.internal.Utils - [Utils] MethodGroupsHelper.sortMethods() took 0 ms. 
06:40:10.434 [main] INFO  org.testng.internal.Utils - [Utils] MethodGroupsHelper.collectMethodsByGroup() took 0 ms. 
06:40:10.434 [main] INFO  org.testng.internal.Utils - [Utils] MethodGroupsHelper.sortMethods() took 0 ms. 
06:40:10.434 [main] INFO  org.testng.internal.Utils - [Utils] MethodGroupsHelper.collectMethodsByGroup() took 0 ms. 
06:40:10.434 [main] INFO  org.testng.internal.Utils - [Utils] MethodGroupsHelper.sortMethods() took 0 ms. 
06:40:10.437 [main] INFO  org.testng.internal.Utils - [TestNG] Running:
  D:\code-practice\yo-java\AutoQAPractice\master.xml
 
06:40:10.445 [main] INFO  org.testng.internal.Utils - [Utils] DynamicGraphHelper.createDynamicGraph() took 2 ms. 
06:40:18.034 [main] DEBUG org.testng.TestNG - suiteXmlPath: "D:\code-practice\yo-java\AutoQAPractice\master.xml" 
06:40:18.233 [main] INFO  org.testng.internal.Utils - [Utils] MethodGroupsHelper.collectMethodsByGroup() took 0 ms. 
06:40:18.235 [main] INFO  org.testng.internal.Utils - [Utils] MethodGroupsHelper.sortMethods() took 0 ms. 
06:40:18.236 [main] INFO  org.testng.internal.Utils - [Utils] MethodGroupsHelper.collectMethodsByGroup() took 0 ms. 
06:40:18.236 [main] INFO  org.testng.internal.Utils - [Utils] MethodGroupsHelper.sortMethods() took 0 ms. 
06:40:18.236 [main] INFO  org.testng.internal.Utils - [Utils] MethodGroupsHelper.collectMethodsByGroup() took 0 ms. 
06:40:18.237 [main] INFO  org.testng.internal.Utils - [Utils] MethodGroupsHelper.sortMethods() took 0 ms. 
06:40:18.237 [main] INFO  org.testng.internal.Utils - [Utils] MethodGroupsHelper.collectMethodsByGroup() took 0 ms. 
06:40:18.237 [main] INFO  org.testng.internal.Utils - [Utils] MethodGroupsHelper.sortMethods() took 0 ms. 
06:40:18.240 [main] INFO  org.testng.internal.Utils - [Utils] MethodGroupsHelper.collectMethodsByGroup() took 2 ms. 
06:40:18.254 [main] INFO  org.testng.internal.Utils - [Utils] MethodGroupsHelper.sortMethods() took 14 ms. 
06:40:18.255 [main] INFO  org.testng.internal.Utils - [Utils] MethodGroupsHelper.collectMethodsByGroup() took 0 ms. 
06:40:18.255 [main] INFO  org.testng.internal.Utils - [Utils] MethodGroupsHelper.sortMethods() took 0 ms. 
06:40:18.256 [main] INFO  org.testng.internal.Utils - [Utils] MethodGroupsHelper.collectMethodsByGroup() took 0 ms. 
06:40:18.256 [main] INFO  org.testng.internal.Utils - [Utils] MethodGroupsHelper.sortMethods() took 0 ms. 
06:40:18.256 [main] INFO  org.testng.internal.Utils - [Utils] MethodGroupsHelper.collectMethodsByGroup() took 0 ms. 
06:40:18.256 [main] INFO  org.testng.internal.Utils - [Utils] MethodGroupsHelper.sortMethods() took 0 ms. 
06:40:18.258 [main] INFO  org.testng.internal.Utils - [Utils] MethodGroupsHelper.collectMethodsByGroup() took 0 ms. 
06:40:18.258 [main] INFO  org.testng.internal.Utils - [Utils] MethodGroupsHelper.sortMethods() took 0 ms. 
06:40:18.258 [main] INFO  org.testng.internal.Utils - [Utils] MethodGroupsHelper.collectMethodsByGroup() took 0 ms. 
06:40:18.258 [main] INFO  org.testng.internal.Utils - [Utils] MethodGroupsHelper.sortMethods() took 0 ms. 
06:40:18.261 [main] INFO  org.testng.internal.Utils - [Utils] MethodGroupsHelper.collectMethodsByGroup() took 0 ms. 
06:40:18.261 [main] INFO  org.testng.internal.Utils - [Utils] MethodGroupsHelper.sortMethods() took 0 ms. 
06:40:18.261 [main] INFO  org.testng.internal.Utils - [Utils] MethodGroupsHelper.collectMethodsByGroup() took 0 ms. 
06:40:18.261 [main] INFO  org.testng.internal.Utils - [Utils] MethodGroupsHelper.sortMethods() took 0 ms. 
06:40:18.262 [main] INFO  org.testng.internal.Utils - [Utils] MethodGroupsHelper.collectMethodsByGroup() took 0 ms. 
06:40:18.262 [main] INFO  org.testng.internal.Utils - [Utils] MethodGroupsHelper.sortMethods() took 0 ms. 
06:40:18.264 [main] INFO  org.testng.internal.Utils - [Utils] MethodGroupsHelper.collectMethodsByGroup() took 0 ms. 
06:40:18.264 [main] INFO  org.testng.internal.Utils - [Utils] MethodGroupsHelper.sortMethods() took 0 ms. 
06:40:18.264 [main] INFO  org.testng.internal.Utils - [Utils] MethodGroupsHelper.collectMethodsByGroup() took 0 ms. 
06:40:18.264 [main] INFO  org.testng.internal.Utils - [Utils] MethodGroupsHelper.sortMethods() took 0 ms. 
06:40:18.267 [main] INFO  org.testng.internal.Utils - [TestNG] Running:
  D:\code-practice\yo-java\AutoQAPractice\master.xml
 
06:40:18.275 [main] INFO  org.testng.internal.Utils - [Utils] DynamicGraphHelper.createDynamicGraph() took 2 ms. 
06:40:25.684 [main] INFO  testCases.TC001_AccountRegisterTest - ***** Staring  TC001_AccountRegisterTest **** 
06:40:27.483 [main] INFO  testCases.TC001_AccountRegisterTest - Clicked on My Account Link 
06:40:29.249 [main] INFO  testCases.TC001_AccountRegisterTest - Clicked on Register Link 
06:40:30.050 [main] INFO  testCases.TC001_AccountRegisterTest - Providing customer details 
06:40:33.931 [main] INFO  testCases.TC001_AccountRegisterTest - Validating expected message 
06:40:35.882 [main] ERROR testCases.TC001_AccountRegisterTest - Test failed.. 
06:40:39.605 [main] DEBUG testCases.TC001_AccountRegisterTest - debug log is printing  ... 
06:41:08.654 [main] INFO  org.testng.internal.Utils - [TestNG] Time taken by org.testng.internal.ExitCodeListener@616b241a: 0 ms 
06:43:21.946 [main] DEBUG org.testng.TestNG - suiteXmlPath: "D:\code-practice\yo-java\AutoQAPractice\master.xml" 
06:43:22.122 [main] INFO  org.testng.internal.Utils - [Utils] MethodGroupsHelper.collectMethodsByGroup() took 1 ms. 
06:43:22.124 [main] INFO  org.testng.internal.Utils - [Utils] MethodGroupsHelper.sortMethods() took 1 ms. 
06:43:22.125 [main] INFO  org.testng.internal.Utils - [Utils] MethodGroupsHelper.collectMethodsByGroup() took 0 ms. 
06:43:22.125 [main] INFO  org.testng.internal.Utils - [Utils] MethodGroupsHelper.sortMethods() took 0 ms. 
06:43:22.126 [main] INFO  org.testng.internal.Utils - [Utils] MethodGroupsHelper.collectMethodsByGroup() took 0 ms. 
06:43:22.126 [main] INFO  org.testng.internal.Utils - [Utils] MethodGroupsHelper.sortMethods() took 0 ms. 
06:43:22.126 [main] INFO  org.testng.internal.Utils - [Utils] MethodGroupsHelper.collectMethodsByGroup() took 0 ms. 
06:43:22.126 [main] INFO  org.testng.internal.Utils - [Utils] MethodGroupsHelper.sortMethods() took 0 ms. 
06:43:22.130 [main] INFO  org.testng.internal.Utils - [Utils] MethodGroupsHelper.collectMethodsByGroup() took 2 ms. 
06:43:22.147 [main] INFO  org.testng.internal.Utils - [Utils] MethodGroupsHelper.sortMethods() took 16 ms. 
06:43:22.148 [main] INFO  org.testng.internal.Utils - [Utils] MethodGroupsHelper.collectMethodsByGroup() took 0 ms. 
06:43:22.149 [main] INFO  org.testng.internal.Utils - [Utils] MethodGroupsHelper.sortMethods() took 1 ms. 
06:43:22.149 [main] INFO  org.testng.internal.Utils - [Utils] MethodGroupsHelper.collectMethodsByGroup() took 0 ms. 
06:43:22.149 [main] INFO  org.testng.internal.Utils - [Utils] MethodGroupsHelper.sortMethods() took 0 ms. 
06:43:22.150 [main] INFO  org.testng.internal.Utils - [Utils] MethodGroupsHelper.collectMethodsByGroup() took 0 ms. 
06:43:22.150 [main] INFO  org.testng.internal.Utils - [Utils] MethodGroupsHelper.sortMethods() took 0 ms. 
06:43:22.151 [main] INFO  org.testng.internal.Utils - [Utils] MethodGroupsHelper.collectMethodsByGroup() took 0 ms. 
06:43:22.151 [main] INFO  org.testng.internal.Utils - [Utils] MethodGroupsHelper.sortMethods() took 0 ms. 
06:43:22.152 [main] INFO  org.testng.internal.Utils - [Utils] MethodGroupsHelper.collectMethodsByGroup() took 0 ms. 
06:43:22.152 [main] INFO  org.testng.internal.Utils - [Utils] MethodGroupsHelper.sortMethods() took 0 ms. 
06:43:22.155 [main] INFO  org.testng.internal.Utils - [Utils] MethodGroupsHelper.collectMethodsByGroup() took 0 ms. 
06:43:22.155 [main] INFO  org.testng.internal.Utils - [Utils] MethodGroupsHelper.sortMethods() took 0 ms. 
06:43:22.155 [main] INFO  org.testng.internal.Utils - [Utils] MethodGroupsHelper.collectMethodsByGroup() took 0 ms. 
06:43:22.155 [main] INFO  org.testng.internal.Utils - [Utils] MethodGroupsHelper.sortMethods() took 0 ms. 
06:43:22.156 [main] INFO  org.testng.internal.Utils - [Utils] MethodGroupsHelper.collectMethodsByGroup() took 1 ms. 
06:43:22.156 [main] INFO  org.testng.internal.Utils - [Utils] MethodGroupsHelper.sortMethods() took 0 ms. 
06:43:22.157 [main] INFO  org.testng.internal.Utils - [Utils] MethodGroupsHelper.collectMethodsByGroup() took 0 ms. 
06:43:22.158 [main] INFO  org.testng.internal.Utils - [Utils] MethodGroupsHelper.sortMethods() took 0 ms. 
06:43:22.158 [main] INFO  org.testng.internal.Utils - [Utils] MethodGroupsHelper.collectMethodsByGroup() took 0 ms. 
06:43:22.158 [main] INFO  org.testng.internal.Utils - [Utils] MethodGroupsHelper.sortMethods() took 0 ms. 
06:43:22.161 [main] INFO  org.testng.internal.Utils - [TestNG] Running:
  D:\code-practice\yo-java\AutoQAPractice\master.xml
 
06:43:22.169 [main] INFO  org.testng.internal.Utils - [Utils] DynamicGraphHelper.createDynamicGraph() took 2 ms. 
06:43:35.396 [main] INFO  testCases.TC001_AccountRegisterTest - ***** Staring  TC001_AccountRegisterTest **** 
06:43:35.459 [main] INFO  testCases.TC001_AccountRegisterTest - Clicked on My Account Link 
06:43:36.046 [main] INFO  testCases.TC001_AccountRegisterTest - Clicked on Register Link 
06:43:36.049 [main] INFO  testCases.TC001_AccountRegisterTest - Providing customer details 
06:43:36.695 [main] INFO  testCases.TC001_AccountRegisterTest - Validating expected message 
06:43:36.720 [main] ERROR testCases.TC001_AccountRegisterTest - Test failed.. 
06:43:36.720 [main] DEBUG testCases.TC001_AccountRegisterTest - debug log is printing  ... 
06:43:41.217 [main] ERROR testCases.TC001_AccountRegisterTest - error message java.lang.AssertionError: expected [true] but found [false]
	at org.testng.Assert.fail(Assert.java:111)
	at org.testng.Assert.failNotEquals(Assert.java:1578)
	at org.testng.Assert.assertTrue(Assert.java:57)
	at org.testng.Assert.assertTrue(Assert.java:67)
	at testCases.TC001_AccountRegisterTest.verify_account_registration(TC001_AccountRegisterTest.java:62)
	at java.base/jdk.internal.reflect.DirectMethodHandleAccessor.invoke(DirectMethodHandleAccessor.java:104)
	at java.base/java.lang.reflect.Method.invoke(Method.java:578)
	at org.testng.internal.invokers.MethodInvocationHelper.invokeMethod(MethodInvocationHelper.java:141)
	at org.testng.internal.invokers.TestInvoker.invokeMethod(TestInvoker.java:686)
	at org.testng.internal.invokers.TestInvoker.invokeTestMethod(TestInvoker.java:230)
	at org.testng.internal.invokers.MethodRunner.runInSequence(MethodRunner.java:63)
	at org.testng.internal.invokers.TestInvoker$MethodInvocationAgent.invoke(TestInvoker.java:992)
	at org.testng.internal.invokers.TestInvoker.invokeTestMethods(TestInvoker.java:203)
	at org.testng.internal.invokers.TestMethodWorker.invokeTestMethods(TestMethodWorker.java:154)
	at org.testng.internal.invokers.TestMethodWorker.run(TestMethodWorker.java:134)
	at java.base/java.util.ArrayList.forEach(ArrayList.java:1511)
	at org.testng.TestRunner.privateRun(TestRunner.java:739)
	at org.testng.TestRunner.run(TestRunner.java:614)
	at org.testng.SuiteRunner.runTest(SuiteRunner.java:421)
	at org.testng.SuiteRunner.runSequentially(SuiteRunner.java:413)
	at org.testng.SuiteRunner.privateRun(SuiteRunner.java:373)
	at org.testng.SuiteRunner.run(SuiteRunner.java:312)
	at org.testng.SuiteRunnerWorker.runSuite(SuiteRunnerWorker.java:52)
	at org.testng.SuiteRunnerWorker.run(SuiteRunnerWorker.java:95)
	at org.testng.TestNG.runSuitesSequentially(TestNG.java:1274)
	at org.testng.TestNG.runSuitesLocally(TestNG.java:1208)
	at org.testng.TestNG.runSuites(TestNG.java:1112)
	at org.testng.TestNG.run(TestNG.java:1079)
	at com.intellij.rt.testng.IDEARemoteTestNG.run(IDEARemoteTestNG.java:66)
	at com.intellij.rt.testng.RemoteTestNGStarter.main(RemoteTestNGStarter.java:105)

06:43:47.443 [main] INFO  org.testng.internal.Utils - [TestNG] Time taken by org.testng.internal.ExitCodeListener@7cb2651f: 0 ms 
20:32:52.220 [main] DEBUG org.testng.TestNG - suiteXmlPath: "D:\code-practice\yo-java\AutoQAPractice\master.xml" 
20:32:52.525 [main] INFO  org.testng.internal.Utils - [Utils] MethodGroupsHelper.collectMethodsByGroup() took 1 ms. 
20:32:52.529 [main] INFO  org.testng.internal.Utils - [Utils] MethodGroupsHelper.sortMethods() took 2 ms. 
20:32:52.532 [main] INFO  org.testng.internal.Utils - [Utils] MethodGroupsHelper.collectMethodsByGroup() took 0 ms. 
20:32:52.532 [main] INFO  org.testng.internal.Utils - [Utils] MethodGroupsHelper.sortMethods() took 0 ms. 
20:32:52.533 [main] INFO  org.testng.internal.Utils - [Utils] MethodGroupsHelper.collectMethodsByGroup() took 0 ms. 
20:32:52.533 [main] INFO  org.testng.internal.Utils - [Utils] MethodGroupsHelper.sortMethods() took 0 ms. 
20:32:52.534 [main] INFO  org.testng.internal.Utils - [Utils] MethodGroupsHelper.collectMethodsByGroup() took 0 ms. 
20:32:52.534 [main] INFO  org.testng.internal.Utils - [Utils] MethodGroupsHelper.sortMethods() took 0 ms. 
20:32:52.539 [main] INFO  org.testng.internal.Utils - [Utils] MethodGroupsHelper.collectMethodsByGroup() took 3 ms. 
20:32:52.553 [main] INFO  org.testng.internal.Utils - [Utils] MethodGroupsHelper.sortMethods() took 13 ms. 
20:32:52.555 [main] INFO  org.testng.internal.Utils - [Utils] MethodGroupsHelper.collectMethodsByGroup() took 0 ms. 
20:32:52.556 [main] INFO  org.testng.internal.Utils - [Utils] MethodGroupsHelper.sortMethods() took 0 ms. 
20:32:52.556 [main] INFO  org.testng.internal.Utils - [Utils] MethodGroupsHelper.collectMethodsByGroup() took 0 ms. 
20:32:52.557 [main] INFO  org.testng.internal.Utils - [Utils] MethodGroupsHelper.sortMethods() took 0 ms. 
20:32:52.557 [main] INFO  org.testng.internal.Utils - [Utils] MethodGroupsHelper.collectMethodsByGroup() took 0 ms. 
20:32:52.557 [main] INFO  org.testng.internal.Utils - [Utils] MethodGroupsHelper.sortMethods() took 0 ms. 
20:32:52.560 [main] INFO  org.testng.internal.Utils - [Utils] MethodGroupsHelper.collectMethodsByGroup() took 0 ms. 
20:32:52.560 [main] INFO  org.testng.internal.Utils - [Utils] MethodGroupsHelper.sortMethods() took 0 ms. 
20:32:52.561 [main] INFO  org.testng.internal.Utils - [Utils] MethodGroupsHelper.collectMethodsByGroup() took 0 ms. 
20:32:52.561 [main] INFO  org.testng.internal.Utils - [Utils] MethodGroupsHelper.sortMethods() took 0 ms. 
20:32:52.564 [main] INFO  org.testng.internal.Utils - [Utils] MethodGroupsHelper.collectMethodsByGroup() took 0 ms. 
20:32:52.564 [main] INFO  org.testng.internal.Utils - [Utils] MethodGroupsHelper.sortMethods() took 0 ms. 
20:32:52.565 [main] INFO  org.testng.internal.Utils - [Utils] MethodGroupsHelper.collectMethodsByGroup() took 0 ms. 
20:32:52.565 [main] INFO  org.testng.internal.Utils - [Utils] MethodGroupsHelper.sortMethods() took 0 ms. 
20:32:52.566 [main] INFO  org.testng.internal.Utils - [Utils] MethodGroupsHelper.collectMethodsByGroup() took 1 ms. 
20:32:52.566 [main] INFO  org.testng.internal.Utils - [Utils] MethodGroupsHelper.sortMethods() took 0 ms. 
20:32:52.568 [main] INFO  org.testng.internal.Utils - [Utils] MethodGroupsHelper.collectMethodsByGroup() took 0 ms. 
20:32:52.568 [main] INFO  org.testng.internal.Utils - [Utils] MethodGroupsHelper.sortMethods() took 0 ms. 
20:32:52.568 [main] INFO  org.testng.internal.Utils - [Utils] MethodGroupsHelper.collectMethodsByGroup() took 0 ms. 
20:32:52.568 [main] INFO  org.testng.internal.Utils - [Utils] MethodGroupsHelper.sortMethods() took 0 ms. 
20:32:52.573 [main] INFO  org.testng.internal.Utils - [TestNG] Running:
  D:\code-practice\yo-java\AutoQAPractice\master.xml
 
20:32:52.586 [main] INFO  org.testng.internal.Utils - [Utils] DynamicGraphHelper.createDynamicGraph() took 5 ms. 
20:33:15.114 [main] INFO  testCases.TC001_AccountRegisterTest - ***** Staring  TC001_AccountRegisterTest **** 
20:33:15.225 [main] INFO  testCases.TC001_AccountRegisterTest - Clicked on My Account Link 
20:33:17.895 [main] INFO  testCases.TC001_AccountRegisterTest - Clicked on Register Link 
20:33:17.900 [main] INFO  testCases.TC001_AccountRegisterTest - Providing customer details 
20:33:20.332 [main] INFO  testCases.TC001_AccountRegisterTest - Validating expected message 
20:33:20.379 [main] ERROR testCases.TC001_AccountRegisterTest - Test failed.. 
20:33:20.379 [main] DEBUG testCases.TC001_AccountRegisterTest - debug log is printing  ... 
20:33:20.386 [main] ERROR testCases.TC001_AccountRegisterTest - error message java.lang.AssertionError: expected [true] but found [false]
	at org.testng.Assert.fail(Assert.java:111)
	at org.testng.Assert.failNotEquals(Assert.java:1578)
	at org.testng.Assert.assertTrue(Assert.java:57)
	at org.testng.Assert.assertTrue(Assert.java:67)
	at testCases.TC001_AccountRegisterTest.verify_account_registration(TC001_AccountRegisterTest.java:62)
	at java.base/jdk.internal.reflect.DirectMethodHandleAccessor.invoke(DirectMethodHandleAccessor.java:104)
	at java.base/java.lang.reflect.Method.invoke(Method.java:578)
	at org.testng.internal.invokers.MethodInvocationHelper.invokeMethod(MethodInvocationHelper.java:141)
	at org.testng.internal.invokers.TestInvoker.invokeMethod(TestInvoker.java:686)
	at org.testng.internal.invokers.TestInvoker.invokeTestMethod(TestInvoker.java:230)
	at org.testng.internal.invokers.MethodRunner.runInSequence(MethodRunner.java:63)
	at org.testng.internal.invokers.TestInvoker$MethodInvocationAgent.invoke(TestInvoker.java:992)
	at org.testng.internal.invokers.TestInvoker.invokeTestMethods(TestInvoker.java:203)
	at org.testng.internal.invokers.TestMethodWorker.invokeTestMethods(TestMethodWorker.java:154)
	at org.testng.internal.invokers.TestMethodWorker.run(TestMethodWorker.java:134)
	at java.base/java.util.ArrayList.forEach(ArrayList.java:1511)
	at org.testng.TestRunner.privateRun(TestRunner.java:739)
	at org.testng.TestRunner.run(TestRunner.java:614)
	at org.testng.SuiteRunner.runTest(SuiteRunner.java:421)
	at org.testng.SuiteRunner.runSequentially(SuiteRunner.java:413)
	at org.testng.SuiteRunner.privateRun(SuiteRunner.java:373)
	at org.testng.SuiteRunner.run(SuiteRunner.java:312)
	at org.testng.SuiteRunnerWorker.runSuite(SuiteRunnerWorker.java:52)
	at org.testng.SuiteRunnerWorker.run(SuiteRunnerWorker.java:95)
	at org.testng.TestNG.runSuitesSequentially(TestNG.java:1274)
	at org.testng.TestNG.runSuitesLocally(TestNG.java:1208)
	at org.testng.TestNG.runSuites(TestNG.java:1112)
	at org.testng.TestNG.run(TestNG.java:1079)
	at com.intellij.rt.testng.IDEARemoteTestNG.run(IDEARemoteTestNG.java:66)
	at com.intellij.rt.testng.RemoteTestNGStarter.main(RemoteTestNGStarter.java:105)

20:33:20.692 [main] INFO  org.testng.internal.Utils - [TestNG] Time taken by org.testng.internal.ExitCodeListener@1d3e6d34: 0 ms 
22:39:37.443 [main] DEBUG org.testng.TestNG - suiteXmlPath: "D:\code-practice\yo-java\AutoQAPractice\master.xml" 
22:39:37.755 [main] INFO  org.testng.internal.Utils - [Utils] MethodGroupsHelper.collectMethodsByGroup() took 0 ms. 
22:39:37.758 [main] INFO  org.testng.internal.Utils - [Utils] MethodGroupsHelper.sortMethods() took 2 ms. 
22:39:37.760 [main] INFO  org.testng.internal.Utils - [Utils] MethodGroupsHelper.collectMethodsByGroup() took 0 ms. 
22:39:37.760 [main] INFO  org.testng.internal.Utils - [Utils] MethodGroupsHelper.sortMethods() took 0 ms. 
22:39:37.761 [main] INFO  org.testng.internal.Utils - [Utils] MethodGroupsHelper.collectMethodsByGroup() took 0 ms. 
22:39:37.761 [main] INFO  org.testng.internal.Utils - [Utils] MethodGroupsHelper.sortMethods() took 0 ms. 
